TN:
SF:/Users/nemzilla/Dev/pub-sub-es6/.eslintrc.js
FNF:0
FNH:0
DA:1,1
LF:1
LH:1
BRF:0
BRH:0
end_of_record
TN:
SF:/Users/nemzilla/Dev/pub-sub-es6/src/pubsub.js
FN:6,_assertValidTopic
FN:19,_assertValidTopicAndHandler
FN:31,_assertSymbol
FN:45,(anonymous_3)
FN:69,(anonymous_4)
FN:99,(anonymous_5)
FN:149,(anonymous_6)
FN:161,(anonymous_7)
FN:178,(anonymous_8)
FNF:9
FNH:9
FNDA:32,_assertValidTopic
FNDA:28,_assertValidTopicAndHandler
FNDA:14,_assertSymbol
FNDA:11,(anonymous_3)
FNDA:13,(anonymous_4)
FNDA:28,(anonymous_5)
FNDA:4,(anonymous_6)
FNDA:4,(anonymous_7)
FNDA:14,(anonymous_8)
DA:7,32
DA:8,9
DA:20,28
DA:21,19
DA:22,8
DA:32,14
DA:33,10
DA:49,11
DA:50,11
DA:55,1
DA:59,1
DA:71,13
DA:100,28
DA:103,11
DA:106,11
DA:112,11
DA:116,11
DA:117,8
DA:119,3
DA:123,11
DA:126,11
DA:127,11
DA:133,11
DA:150,4
DA:153,4
DA:156,4
DA:157,2
DA:161,2
DA:162,4
DA:166,2
DA:179,14
DA:182,4
DA:185,4
DA:186,1
DA:190,3
DA:193,3
DA:196,3
DA:199,3
DA:200,2
DA:202,1
DA:206,3
DA:209,3
LF:42
LH:42
BRDA:7,0,0,9
BRDA:7,0,1,23
BRDA:7,1,0,32
BRDA:7,1,1,24
BRDA:21,2,0,8
BRDA:21,2,1,11
BRDA:32,3,0,10
BRDA:32,3,1,4
BRDA:116,4,0,8
BRDA:116,4,1,3
BRDA:156,5,0,2
BRDA:156,5,1,2
BRDA:156,6,0,4
BRDA:156,6,1,2
BRDA:185,7,0,1
BRDA:185,7,1,3
BRDA:199,8,0,2
BRDA:199,8,1,1
BRF:18
BRH:18
end_of_record
