TN:
SF:/Users/nemzilla/Dev/pub-sub-es6/.eslintrc.js
FNF:0
FNH:0
DA:1,1
LF:1
LH:1
BRF:0
BRH:0
end_of_record
TN:
SF:/Users/nemzilla/Dev/pub-sub-es6/src/pubsub.js
FN:6,_assertValidTopic
FN:19,_assertValidTopicAndHandler
FN:31,_assertSymbol
FN:45,(anonymous_3)
FN:69,(anonymous_4)
FN:99,(anonymous_5)
FN:144,(anonymous_6)
FN:155,(anonymous_7)
FN:156,(anonymous_8)
FN:171,(anonymous_9)
FNF:10
FNH:10
FNDA:31,_assertValidTopic
FNDA:27,_assertValidTopicAndHandler
FNDA:14,_assertSymbol
FNDA:10,(anonymous_3)
FNDA:13,(anonymous_4)
FNDA:27,(anonymous_5)
FNDA:4,(anonymous_6)
FNDA:2,(anonymous_7)
FNDA:3,(anonymous_8)
FNDA:14,(anonymous_9)
DA:7,31
DA:8,9
DA:20,27
DA:21,18
DA:22,8
DA:32,14
DA:33,10
DA:49,10
DA:50,10
DA:55,1
DA:59,1
DA:71,13
DA:100,27
DA:102,10
DA:104,10
DA:109,10
DA:113,10
DA:114,8
DA:116,2
DA:119,10
DA:122,10
DA:123,10
DA:128,10
DA:145,4
DA:147,4
DA:150,4
DA:151,2
DA:155,2
DA:156,3
DA:159,2
DA:172,14
DA:174,4
DA:177,4
DA:178,1
DA:181,3
DA:183,3
DA:185,3
DA:188,3
DA:189,2
DA:191,1
DA:194,3
DA:196,3
LF:42
LH:42
BRDA:7,0,0,9
BRDA:7,0,1,22
BRDA:7,1,0,31
BRDA:7,1,1,23
BRDA:21,2,0,8
BRDA:21,2,1,10
BRDA:32,3,0,10
BRDA:32,3,1,4
BRDA:113,4,0,8
BRDA:113,4,1,2
BRDA:150,5,0,2
BRDA:150,5,1,2
BRDA:150,6,0,4
BRDA:150,6,1,2
BRDA:177,7,0,1
BRDA:177,7,1,3
BRDA:188,8,0,2
BRDA:188,8,1,1
BRF:18
BRH:18
end_of_record
